<?xml version="1.0" encoding="UTF-8"?>
<!-- Generated by org.testng.reporters.JUnitReportReporter -->
<testsuite hostname="LAPTOP-V9OCRHC6" failures="0" tests="1" name="testPackage.validRegistrationTestCase" time="23.389" errors="0" timestamp="2023-10-17T20:53:15 IST" skipped="0">
  <testcase classname="testPackage.validRegistrationTestCase" name="validTest1" time="23.389"/>
</testsuite> <!-- testPackage.validRegistrationTestCase -->
